Arguments: 
  /Users/zia/.nvm/versions/node/v8.11.1/bin/node /Users/zia/.nvm/versions/node/v8.11.1/bin/yarn add global tslint tsserver

PATH: 
  /Users/zia/.nvm/versions/node/v8.11.1/bin:/usr/local/bin:/usr/bin:/bin:/usr/sbin:/sbin:/Users/zia/.fzf/bin

Yarn version: 
  1.6.0

Node version: 
  8.11.1

Platform: 
  darwin x64

Trace: 
  Error: https://registry.yarnpkg.com/tsserver: Not found
      at Request.params.callback [as _callback] (/Users/zia/.nvm/versions/node/v8.11.1/lib/node_modules/yarn/lib/cli.js:65327:18)
      at Request.self.callback (/Users/zia/.nvm/versions/node/v8.11.1/lib/node_modules/yarn/lib/cli.js:133155:22)
      at emitTwo (events.js:126:13)
      at Request.emit (events.js:214:7)
      at Request.<anonymous> (/Users/zia/.nvm/versions/node/v8.11.1/lib/node_modules/yarn/lib/cli.js:134138:10)
      at emitOne (events.js:116:13)
      at Request.emit (events.js:211:7)
      at IncomingMessage.<anonymous> (/Users/zia/.nvm/versions/node/v8.11.1/lib/node_modules/yarn/lib/cli.js:134058:12)
      at Object.onceWrapper (events.js:313:30)
      at emitNone (events.js:111:20)

npm manifest: 
  No manifest

yarn manifest: 
  No manifest

Lockfile: 
  No lockfile
